Winner: 0
Reason: moving not exsisting PIECE

--------------------------------------------------
|    |    |    |    |    |    |    |    |    |    | 
--------------------------------------------------
|    | P2 |    |    |    |    |    |    |    |    | 
--------------------------------------------------
|    |    | S2 |    |    |    |    |    |    |    | 
--------------------------------------------------
|    |    |    | R2 |    |    |    |    |    |    | 
--------------------------------------------------
|    |    |    |    |    |    |    |    |    |    | 
--------------------------------------------------
|    |    |    |    |    | F1 |    |    |    |    | 
--------------------------------------------------
|    |    |    |    |    | F2 | B2 |    |    |    | 
--------------------------------------------------
|    |    |    |    |    |    | R1 |    |    |    | 
--------------------------------------------------
|    |    |    |    |    |    |    |    |    |    | 
--------------------------------------------------
|    |    |    |    |    |    |    |    |    |    | 
--------------------------------------------------
